---------------  ---------------
File "schedule.wpi" not found, skip running schedule script.
---------------------------------------------------
---------------  ---------------
File "schedule.wpi" not found, skip running schedule script.
---------------------------------------------------
---------------  ---------------
File "schedule.wpi" not found, skip running schedule script.
---------------------------------------------------
---------------  ---------------
File "schedule.wpi" not found, skip running schedule script.
---------------------------------------------------
---------------  ---------------
File "schedule.wpi" not found, skip running schedule script.
---------------------------------------------------
---------------  ---------------
File "schedule.wpi" not found, skip running schedule script.
---------------------------------------------------
---------------  ---------------
File "schedule.wpi" not found, skip running schedule script.
---------------------------------------------------
---------------  ---------------
File "schedule.wpi" not found, skip running schedule script.
---------------------------------------------------
--------------- 2016-01-11 00:00:00 ---------------
File "schedule.wpi" not found, skip running schedule script.
---------------------------------------------------
---------------  ---------------
File "schedule.wpi" not found, skip running schedule script.
---------------------------------------------------
---------------  ---------------
File "schedule.wpi" not found, skip running schedule script.
---------------------------------------------------
---------------  ---------------
File "schedule.wpi" not found, skip running schedule script.
---------------------------------------------------
---------------  ---------------
File "schedule.wpi" not found, skip running schedule script.
---------------------------------------------------
---------------  ---------------
File "schedule.wpi" not found, skip running schedule script.
---------------------------------------------------
---------------  ---------------
File "schedule.wpi" not found, skip running schedule script.
---------------------------------------------------
---------------  ---------------
File "schedule.wpi" not found, skip running schedule script.
---------------------------------------------------
---------------  ---------------
File "schedule.wpi" not found, skip running schedule script.
---------------------------------------------------
---------------  ---------------
File "schedule.wpi" not found, skip running schedule script.
---------------------------------------------------
---------------  ---------------
File "schedule.wpi" not found, skip running schedule script.
---------------------------------------------------
---------------  ---------------
File "schedule.wpi" not found, skip running schedule script.
---------------------------------------------------
---------------  ---------------
File "schedule.wpi" not found, skip running schedule script.
---------------------------------------------------
---------------  ---------------
File "schedule.wpi" not found, skip running schedule script.
---------------------------------------------------
---------------  ---------------
File "schedule.wpi" not found, skip running schedule script.
---------------------------------------------------
---------------  ---------------
File "schedule.wpi" not found, skip running schedule script.
---------------------------------------------------
---------------  ---------------
File "schedule.wpi" not found, skip running schedule script.
---------------------------------------------------
---------------  ---------------
File "schedule.wpi" not found, skip running schedule script.
---------------------------------------------------
---------------  ---------------
File "schedule.wpi" not found, skip running schedule script.
---------------------------------------------------
---------------  ---------------
File "schedule.wpi" not found, skip running schedule script.
---------------------------------------------------
---------------  ---------------
File "schedule.wpi" not found, skip running schedule script.
---------------------------------------------------
---------------  ---------------
File "schedule.wpi" not found, skip running schedule script.
---------------------------------------------------
---------------  ---------------
File "schedule.wpi" not found, skip running schedule script.
---------------------------------------------------
---------------  ---------------
File "schedule.wpi" not found, skip running schedule script.
---------------------------------------------------
---------------  ---------------
The schedule script has not beginned yet.
---------------------------------------------------
---------------  ---------------
Schedule next shutdown at: 2016-01-19 10:05:00
Schedule next startup at:  2016-01-19 10:20:00
---------------------------------------------------
---------------  ---------------
Schedule next shutdown at: 2016-01-19 10:25:00
Schedule next startup at:  2016-01-19 10:40:00
---------------------------------------------------
---------------  ---------------
File "schedule.wpi" not found, skip running schedule script.
---------------------------------------------------
---------------  ---------------
The schedule script has not beginned yet.
---------------------------------------------------
---------------  ---------------
File "schedule.wpi" not found, skip running schedule script.
---------------------------------------------------
---------------  ---------------
File "schedule.wpi" not found, skip running schedule script.
---------------------------------------------------
---------------  ---------------
Schedule next shutdown at: 2016-01-19 12:45:00
Schedule next startup at:  2016-01-19 12:50:00
---------------------------------------------------
