[2016-01-11 10:21:26] Witty Pi daemon (v2.14) is started.
[2016-01-11 10:21:29]
[2016-01-11 10:21:30] File "schedule.wpi" not found, skip running schedule script.
[2016-01-11 10:21:39] Pending for incoming shutdown command...
[2016-01-11 10:37:47] Synchronizing time between system and Witty Pi...
[2016-01-11 10:37:47] RTC has not been set before (stays in year 2000).
[2016-01-11 10:37:47] Writing system time to RTC...
[2016-01-11 10:37:48] Done :-)
[2016-01-11 10:38:47] Witty Pi daemon (v2.14) is started.
[2016-01-11 10:38:50]
[2016-01-11 10:38:51] File "schedule.wpi" not found, skip running schedule script.
[2016-01-11 10:39:00] Pending for incoming shutdown command...
[2016-01-11 10:40:17] Synchronizing time between system and Witty Pi...
[2016-01-11 10:40:18] RTC has not been set before (stays in year 2000).
[2016-01-11 10:40:18] Writing system time to RTC...
[2016-01-11 10:40:20] Done :-)
[2016-01-11 10:42:36] Writing system time to RTC...
[2016-01-11 10:42:36] Done :-)
[2016-01-11 10:48:34] Witty Pi daemon (v2.14) is started.
[2016-01-11 10:48:38]
[2016-01-11 10:48:39] File "schedule.wpi" not found, skip running schedule script.
[2016-01-11 10:48:48] Pending for incoming shutdown command...
[2016-01-11 10:50:34] Synchronizing time between system and Witty Pi...
[2016-01-11 10:50:34] RTC contains newer time.
[2016-01-11 10:50:34] Writing RTC time to system...
[2016-01-11 10:50:35] Done :-)
[2016-01-11 10:52:04] Witty Pi daemon (v2.14) is started.
[2016-01-11 10:52:08]
[2016-01-11 10:52:09] File "schedule.wpi" not found, skip running schedule script.
[2016-01-11 10:52:18] Pending for incoming shutdown command...
[2016-01-11 10:53:56] Synchronizing time between system and Witty Pi...
[2016-01-11 10:53:57] RTC contains newer time.
[2016-01-11 10:53:57] Writing RTC time to system...
[2016-01-11 10:53:58] Done :-)
[2016-01-11 10:55:27] Witty Pi daemon (v2.14) is started.
[2016-01-11 10:55:30]
[2016-01-11 10:55:31] File "schedule.wpi" not found, skip running schedule script.
[2016-01-11 10:55:40] Pending for incoming shutdown command...
[2016-01-11 10:55:40] Shutdown command is received...
[2016-01-11 10:55:40] Halting all processes and then shutdown Raspberry Pi...
[2016-01-11 10:55:57] Witty Pi daemon (v2.14) is started.
[2016-01-11 10:56:00]
[2016-01-11 10:56:01] File "schedule.wpi" not found, skip running schedule script.
[2016-01-11 10:56:10] Pending for incoming shutdown command...
[2016-01-11 10:56:10] Shutdown command is received...
[2016-01-11 10:56:10] Halting all processes and then shutdown Raspberry Pi...
[2016-01-11 10:56:26] Witty Pi daemon (v2.14) is started.
[2016-01-11 10:56:30]
[2016-01-11 10:56:31] File "schedule.wpi" not found, skip running schedule script.
[2016-01-11 10:56:40] Pending for incoming shutdown command...
[2016-01-11 10:56:40] Shutdown command is received...
[2016-01-11 10:56:40] Halting all processes and then shutdown Raspberry Pi...
[2016-01-11 10:56:55] Witty Pi daemon (v2.14) is started.
[2016-01-11 10:56:59]
[2016-01-11 10:57:00] File "schedule.wpi" not found, skip running schedule script.
[2016-01-11 10:57:09] Pending for incoming shutdown command...
[2016-01-11 10:57:09] Shutdown command is received...
[2016-01-11 10:57:09] Halting all processes and then shutdown Raspberry Pi...
[2016-01-11 10:57:27] Witty Pi daemon (v2.14) is started.
[2016-01-11 10:57:29]
[2016-01-11 10:57:29] Witty Pi is not connected, skipping I2C communications...
[2016-01-11 10:57:30] File "schedule.wpi" not found, skip running schedule script.
[2016-01-11 12:35:53] Witty Pi is not connected, skip synchronizing time...
[2016-01-11 13:04:48] Witty Pi daemon (v2.14) is started.
[2016-01-11 13:04:51]
[2016-01-11 13:04:53] File "schedule.wpi" not found, skip running schedule script.
[2016-01-11 13:07:40] Synchronizing time between system and Witty Pi...
[2016-01-11 13:07:42] RTC contains newer time.
[2016-01-11 13:07:42] Writing RTC time to system...
[2016-01-11 13:07:44] Failed :-(
[2016-01-11 13:07:44] hwclock: Timed out waiting for time change. hwclock: The Hardware Clock does not contain a valid time, so we cannot set the System Time from it. Unable to set system clock.
[2016-01-11 13:08:34] Witty Pi daemon (v2.14) is started.
[2016-01-11 13:08:37]
[2016-01-11 13:08:39] File "schedule.wpi" not found, skip running schedule script.
[2016-01-11 13:11:23] Synchronizing time between system and Witty Pi...
[2016-01-11 13:11:25] RTC contains newer time.
[2016-01-11 13:11:25] Writing RTC time to system...
[2016-01-11 13:11:27] Failed :-(
[2016-01-11 13:11:27] hwclock: Timed out waiting for time change. hwclock: The Hardware Clock does not contain a valid time, so we cannot set the System Time from it. Unable to set system clock.
[2016-01-11 13:24:48] Witty Pi daemon (v2.14) is started.
[2016-01-11 13:24:50]
[2016-01-11 13:24:52] File "schedule.wpi" not found, skip running schedule script.
[2016-01-11 13:25:50] Synchronizing time between system and Witty Pi...
[2016-01-11 13:25:52] RTC contains newer time.
[2016-01-11 13:25:52] Writing RTC time to system...
[2016-01-11 13:25:53] Failed :-(
[2016-01-11 13:25:53] hwclock: Timed out waiting for time change. hwclock: The Hardware Clock does not contain a valid time, so we cannot set the System Time from it. Unable to set system clock.
[2016-01-11 14:01:16] Witty Pi daemon (v2.14) is started.
[2016-01-11 14:01:18]
[2016-01-11 14:01:20] File "schedule.wpi" not found, skip running schedule script.
[2016-01-11 14:02:18] Synchronizing time between system and Witty Pi...
[2016-01-11 14:02:20] RTC contains newer time.
[2016-01-11 14:02:20] Writing RTC time to system...
[2016-01-11 14:02:21] Failed :-(
[2016-01-11 14:02:21] hwclock: Timed out waiting for time change. hwclock: The Hardware Clock does not contain a valid time, so we cannot set the System Time from it. Unable to set system clock.
[2016-01-11 14:16:19] Witty Pi daemon (v2.14) is started.
[2016-01-11 14:16:21]
[2016-01-11 14:16:22] File "schedule.wpi" not found, skip running schedule script.
[2016-01-11 14:17:21] Synchronizing time between system and Witty Pi...
[2016-01-11 14:17:21] RTC contains newer time.
[2016-01-11 14:17:21] Writing RTC time to system...
[2016-01-12 06:08:58] Done :-)
[2016-01-12 08:38:21] Witty Pi daemon (v2.14) is started.
[2016-01-12 08:38:23]
[2016-01-12 08:38:24] File "schedule.wpi" not found, skip running schedule script.
[2016-01-12 08:39:23] Synchronizing time between system and Witty Pi...
[2016-01-12 08:39:24] RTC contains newer time.
[2016-01-12 08:39:24] Writing RTC time to system...
[2016-01-12 07:26:27] Done :-)
[2016-01-12 09:33:14] Witty Pi daemon (v2.14) is started.
[2016-01-12 09:33:16]
[2016-01-12 09:33:17] File "schedule.wpi" not found, skip running schedule script.
[2016-01-12 09:34:16] Synchronizing time between system and Witty Pi...
[2016-01-12 09:34:17] RTC contains newer time.
[2016-01-12 09:34:17] Writing RTC time to system...
[2016-01-12 08:21:30] Done :-)
[2016-01-12 09:46:19] Witty Pi daemon (v2.14) is started.
[2016-01-12 09:46:22]
[2016-01-12 09:46:23] File "schedule.wpi" not found, skip running schedule script.
[2016-01-12 09:47:31] Synchronizing time between system and Witty Pi...
[2016-01-12 09:47:32] RTC contains newer time.
[2016-01-12 09:47:32] Writing RTC time to system...
[2016-01-12 08:34:26] Done :-)
[2016-01-12 09:46:19] Witty Pi daemon (v2.14) is started.
[2016-01-12 09:46:21]
[2016-01-12 09:46:22] File "schedule.wpi" not found, skip running schedule script.
[2016-01-12 09:47:21] Synchronizing time between system and Witty Pi...
[2016-01-12 09:47:22] RTC contains newer time.
[2016-01-12 09:47:22] Writing RTC time to system...
[2016-01-12 08:45:20] Done :-)
[2016-01-12 10:01:47] Witty Pi daemon (v2.14) is started.
[2016-01-12 10:01:49]
[2016-01-12 10:01:50] File "schedule.wpi" not found, skip running schedule script.
[2016-01-13 00:35:25] Synchronizing time between system and Witty Pi...
[2016-01-13 00:35:27] RTC contains newer time.
[2016-01-13 00:35:27] Writing RTC time to system...
[2016-01-13 00:35:29] Failed :-(
[2016-01-13 00:35:29] hwclock: Timed out waiting for time change. hwclock: The Hardware Clock does not contain a valid time, so we cannot set the System Time from it. Unable to set system clock.
[2016-01-12 10:01:49] Witty Pi daemon (v2.14) is started.
[2016-01-12 10:01:51]
[2016-01-12 10:01:53] File "schedule.wpi" not found, skip running schedule script.
[2016-01-13 00:41:17] Synchronizing time between system and Witty Pi...
[2016-01-13 00:41:19] RTC contains newer time.
[2016-01-13 00:41:19] Writing RTC time to system...
[2016-01-13 00:41:20] Failed :-(
[2016-01-13 00:41:20] hwclock: Timed out waiting for time change. hwclock: The Hardware Clock does not contain a valid time, so we cannot set the System Time from it. Unable to set system clock.
[2016-01-13 08:39:19] Witty Pi daemon (v2.14) is started.
[2016-01-13 08:39:22]
[2016-01-13 08:39:23] File "schedule.wpi" not found, skip running schedule script.
[2016-01-13 08:40:22] Synchronizing time between system and Witty Pi...
[2016-01-13 08:40:22] RTC contains newer time.
[2016-01-13 08:40:22] Writing RTC time to system...
[2016-01-13 08:40:23] Done :-)
[2016-01-13 08:43:21] Witty Pi daemon (v2.14) is started.
[2016-01-13 08:43:24]
[2016-01-13 08:43:25] File "schedule.wpi" not found, skip running schedule script.
[2016-01-18 07:52:49] Synchronizing time between system and Witty Pi...
[2016-01-18 07:52:50] RTC contains newer time.
[2016-01-18 07:52:50] Writing RTC time to system...
[2016-01-13 08:44:36] Done :-)
[2016-01-13 08:49:41] Witty Pi daemon (v2.14) is started.
[2016-01-13 08:49:43]
[2016-01-13 08:49:44] File "schedule.wpi" not found, skip running schedule script.
[2016-01-13 08:50:43] Synchronizing time between system and Witty Pi...
[2016-01-13 08:50:44] RTC contains newer time.
[2016-01-13 08:50:44] Writing RTC time to system...
[2016-01-13 08:50:55] Done :-)
[2016-01-18 10:45:00] Witty Pi daemon (v2.14) is started.
[2016-01-18 10:45:02]
[2016-01-18 10:45:03] File "schedule.wpi" not found, skip running schedule script.
[2016-01-18 10:46:02] Synchronizing time between system and Witty Pi...
[2016-01-18 10:46:03] RTC contains newer time.
[2016-01-18 10:46:03] Writing RTC time to system...
[2016-01-13 11:38:00] Done :-)
[2016-01-18 11:12:53] Witty Pi daemon (v2.14) is started.
[2016-01-18 11:12:55]
[2016-01-18 11:12:56] File "schedule.wpi" not found, skip running schedule script.
[2016-01-18 11:13:55] Synchronizing time between system and Witty Pi...
[2016-01-18 11:13:55] RTC contains newer time.
[2016-01-18 11:13:55] Writing RTC time to system...
[2016-01-18 11:13:56] Done :-)
[2016-01-18 11:31:58] Witty Pi daemon (v2.14) is started.
[2016-01-18 11:32:00]
[2016-01-18 11:32:01] File "schedule.wpi" not found, skip running schedule script.
[2016-01-18 11:33:00] Synchronizing time between system and Witty Pi...
[2016-01-18 11:33:01] RTC contains newer time.
[2016-01-18 11:33:01] Writing RTC time to system...
[2016-01-18 11:33:02] Done :-)
[2016-01-18 12:26:36] Witty Pi daemon (v2.14) is started.
[2016-01-18 12:26:38]
[2016-01-18 12:26:39] File "schedule.wpi" not found, skip running schedule script.
[2016-01-18 12:27:38] Synchronizing time between system and Witty Pi...
[2016-01-18 12:27:38] RTC contains newer time.
[2016-01-18 12:27:39] Writing RTC time to system...
[2016-01-18 12:27:40] Done :-)
[2016-01-18 12:37:36] Witty Pi daemon (v2.14) is started.
[2016-01-18 12:37:38]
[2016-01-18 12:37:39] File "schedule.wpi" not found, skip running schedule script.
[2016-01-18 12:38:38] Synchronizing time between system and Witty Pi...
[2016-01-18 12:38:39] RTC contains newer time.
[2016-01-18 12:38:39] Writing RTC time to system...
[2016-01-18 12:38:41] Done :-)
[2016-01-18 12:43:56] Witty Pi daemon (v2.14) is started.
[2016-01-18 12:43:59]
[2016-01-18 12:43:59] File "schedule.wpi" not found, skip running schedule script.
[2016-01-18 12:44:58] Synchronizing time between system and Witty Pi...
[2016-01-18 12:44:59] RTC contains newer time.
[2016-01-18 12:44:59] Writing RTC time to system...
[2016-01-18 12:45:01] Done :-)
[2016-01-18 13:17:14] Witty Pi daemon (v2.14) is started.
[2016-01-18 13:17:17]
[2016-01-18 13:17:17] File "schedule.wpi" not found, skip running schedule script.
[2016-01-18 13:18:16] Synchronizing time between system and Witty Pi...
[2016-01-18 13:18:17] RTC contains newer time.
[2016-01-18 13:18:17] Writing RTC time to system...
[2016-01-19 07:48:49] Done :-)
[2016-01-19 08:55:43] Witty Pi daemon (v2.14) is started.
[2016-01-19 08:55:45]
[2016-01-19 08:55:46] File "schedule.wpi" not found, skip running schedule script.
[2016-01-19 08:56:45] Synchronizing time between system and Witty Pi...
[2016-01-19 08:56:46] RTC contains newer time.
[2016-01-19 08:56:46] Writing RTC time to system...
[2016-01-19 08:56:55] Done :-)
[2016-01-19 09:00:43] Witty Pi daemon (v2.14) is started.
[2016-01-19 09:00:45]
[2016-01-19 09:00:46] File "schedule.wpi" not found, skip running schedule script.
[2016-01-19 09:01:45] Synchronizing time between system and Witty Pi...
[2016-01-19 09:01:46] RTC contains newer time.
[2016-01-19 09:01:46] Writing RTC time to system...
[2016-01-19 09:01:57] Done :-)
[2016-01-19 09:08:58] Copying "on_5m_every_20m.wpi" to "schedule.wpi"...
[2016-01-19 09:08:58] Running the script...
[2016-01-19 09:09:00] Schedule next shutdown at: 2016-01-19 09:25:00
[2016-01-19 09:09:00] Schedule next startup at: 2016-01-19 09:40:00
[2016-01-19 09:09:01] Done :-)
[2016-01-19 09:10:42] Witty Pi daemon (v2.14) is started.
[2016-01-19 09:10:44]
[2016-01-19 09:10:46] The schedule script has not beginned yet.
[2016-01-19 09:11:44] Synchronizing time between system and Witty Pi...
[2016-01-19 09:11:45] RTC has not been set before (stays in year 2000).
[2016-01-19 09:11:45] Writing system time to RTC...
[2016-01-19 09:11:50] Done :-)
[2016-01-19 09:49:49] Writing system time to RTC...
[2016-01-19 09:49:49] Done :-)
[2016-01-19 09:50:46] Clearing auto startup time...
[2016-01-19 09:50:46] done :-)
[2016-01-19 09:50:46] Clearing auto shutdown time...
[2016-01-19 09:50:47] done :-)
[2016-01-19 09:50:47] Deleting "schedule.wpi" file...
[2016-01-19 09:50:47] done :-)
[2016-01-19 09:51:07] Copying "on_5m_every_20m.wpi" to "schedule.wpi"...
[2016-01-19 09:51:08] Running the script...
[2016-01-19 09:51:09] Schedule next shutdown at: 2016-01-19 10:05:00
[2016-01-19 09:51:10] Schedule next startup at: 2016-01-19 10:20:00
[2016-01-19 09:51:10] Done :-)
[2016-01-19 09:53:28] Witty Pi daemon (v2.14) is started.
[2016-01-19 09:53:30]
[2016-01-19 09:53:31] Schedule next shutdown at: 2016-01-19 10:05:00
[2016-01-19 09:53:32] Schedule next startup at: 2016-01-19 10:20:00
[2016-01-19 09:54:30] Synchronizing time between system and Witty Pi...
[2016-01-19 09:54:32] RTC contains newer time.
[2016-01-19 09:54:32] Writing RTC time to system...
[2016-01-19 09:54:56] Done :-)
[2016-01-19 09:53:28] Witty Pi daemon (v2.14) is started.
[2016-01-19 09:53:31]
[2016-01-19 09:53:32] Schedule next shutdown at: 2016-01-19 10:25:00
[2016-01-19 09:53:33] Schedule next startup at: 2016-01-19 10:40:00
[2016-01-19 09:54:18] Clearing auto startup time...
[2016-01-19 09:54:19] done :-)
[2016-01-19 09:54:19] Clearing auto shutdown time...
[2016-01-19 09:54:19] done :-)
[2016-01-19 09:54:19] Deleting "schedule.wpi" file...
[2016-01-19 09:54:19] done :-)
[2016-01-19 09:54:31] Synchronizing time between system and Witty Pi...
[2016-01-19 09:54:31] RTC contains newer time.
[2016-01-19 09:54:32] Writing RTC time to system...
[2016-01-19 10:23:21] Done :-)
[2016-01-19 10:29:57] Witty Pi daemon (v2.14) is started.
[2016-01-19 10:29:59]
[2016-01-19 10:30:00] File "schedule.wpi" not found, skip running schedule script.
[2016-01-19 10:30:59] Synchronizing time between system and Witty Pi...
[2016-01-19 10:31:00] RTC contains newer time.
[2016-01-19 10:31:00] Writing RTC time to system...
[2016-01-19 10:31:54] Done :-)
[2016-01-19 10:32:12] Copying "on_5m_every_20m.wpi" to "schedule.wpi"...
[2016-01-19 10:32:12] Running the script...
[2016-01-19 10:32:14] Schedule next shutdown at: 2016-01-19 10:35:00
[2016-01-19 10:32:14] Schedule next startup at: 2016-01-19 10:40:00
[2016-01-19 10:32:15] Done :-)
[2016-01-19 10:29:57] Witty Pi daemon (v2.14) is started.
[2016-01-19 10:30:00]
[2016-01-19 10:30:01] The schedule script has not beginned yet.
[2016-01-19 10:31:00] Synchronizing time between system and Witty Pi...
[2016-01-19 10:31:00] Clearing auto startup time...
[2016-01-19 10:31:00] RTC has not been set before (stays in year 2000).
[2016-01-19 10:31:01] Writing system time to RTC...
[2016-01-19 10:31:01] I2C read 0x01 0x68 0x07 failed (result=), retrying 1 ...
[2016-01-19 10:31:02] Done :-)
[2016-01-19 10:31:02] I2C read 0x01 0x68 0x07 failed (result=), retrying 2 ...
[2016-01-19 10:31:03] done :-)
[2016-01-19 10:31:03] Clearing auto shutdown time...
[2016-01-19 10:31:03] done :-)
[2016-01-19 10:31:03] Deleting "schedule.wpi" file...
[2016-01-19 10:31:03] done :-)
[2016-01-19 11:11:11] Clearing auto startup time...
[2016-01-19 11:11:11] done :-)
[2016-01-19 11:11:11] Clearing auto shutdown time...
[2016-01-19 11:11:11] done :-)
[2016-01-19 11:11:11] Deleting "schedule.wpi" file...
[2016-01-19 11:11:11] file does not exist
[2016-01-19 11:14:06] Witty Pi daemon (v2.14) is started.
[2016-01-19 11:14:08]
[2016-01-19 11:14:08] File "schedule.wpi" not found, skip running schedule script.
[2016-01-19 11:15:08] Synchronizing time between system and Witty Pi...
[2016-01-19 11:15:09] RTC has not been set before (stays in year 2000).
[2016-01-19 11:15:10] Writing system time to RTC...
[2016-01-19 11:15:12] Done :-)
[2016-01-19 12:19:09] Writing system time to RTC...
[2016-01-19 12:19:10] Done :-)
[2016-01-19 12:27:36] Witty Pi daemon (v2.14) is started.
[2016-01-19 12:27:38]
[2016-01-19 12:27:39] File "schedule.wpi" not found, skip running schedule script.
[2016-01-19 12:28:30] Copying "on_5m_every_20m.wpi" to "schedule.wpi"...
[2016-01-19 12:28:30] Running the script...
[2016-01-19 12:28:32] Schedule next shutdown at: 2016-01-19 12:35:00
[2016-01-19 12:28:33] Schedule next startup at: 2016-01-19 12:40:00
[2016-01-19 12:28:34] Done :-)
[2016-01-19 12:28:38] Synchronizing time between system and Witty Pi...
[2016-01-19 12:28:39] RTC contains newer time.
[2016-01-19 12:28:40] Writing RTC time to system...
[2016-01-19 12:29:34] Done :-)
[2016-01-19 12:27:36] Witty Pi daemon (v2.14) is started.
[2016-01-19 12:27:39]
[2016-01-19 12:27:40] Schedule next shutdown at: 2016-01-19 12:45:00
[2016-01-19 12:27:41] Schedule next startup at: 2016-01-19 12:50:00
[2016-01-19 12:28:39] Synchronizing time between system and Witty Pi...
[2016-01-19 12:28:40] RTC contains newer time.
[2016-01-19 12:28:40] Writing RTC time to system...
[2016-01-19 12:44:38] Done :-)
